  Determining projects to restore...
  All projects are up-to-date for restore.
C:\Users\rizwan_farooq\Documents\Assignment Code\NCacheTesting\Models\Product.cs(7,19): warning CS8618: Non-nullable property 'Name' must contain a non-null value when exiting constructor. Consider adding the 'required' modifier or declaring the property as nullable. [C:\Users\rizwan_farooq\Documents\Assignment Code\NCacheTesting\NCacheTesting.csproj]
C:\Users\rizwan_farooq\Documents\Assignment Code\NCacheTesting\Models\Product.cs(8,19): warning CS8618: Non-nullable property 'Category' must contain a non-null value when exiting constructor. Consider adding the 'required' modifier or declaring the property as nullable. [C:\Users\rizwan_farooq\Documents\Assignment Code\NCacheTesting\NCacheTesting.csproj]
C:\Users\rizwan_farooq\Documents\Assignment Code\NCacheTesting\Services\CacheService.cs(119,35): error CS1061: 'ICache' does not contain a definition for 'GetAsync' and no accessible extension method 'GetAsync' accepting a first argument of type 'ICache' could be found (are you missing a using directive or an assembly reference?) [C:\Users\rizwan_farooq\Documents\Assignment Code\NCacheTesting\NCacheTesting.csproj]
C:\Users\rizwan_farooq\Documents\Assignment Code\NCacheTesting\Services\CacheService.cs(140,22): error CS0411: The type arguments for method 'ICache.RemoveAsync<T>(string, WriteThruOptions)' cannot be inferred from the usage. Try specifying the type arguments explicitly. [C:\Users\rizwan_farooq\Documents\Assignment Code\NCacheTesting\NCacheTesting.csproj]

Build FAILED.

C:\Users\rizwan_farooq\Documents\Assignment Code\NCacheTesting\Models\Product.cs(7,19): warning CS8618: Non-nullable property 'Name' must contain a non-null value when exiting constructor. Consider adding the 'required' modifier or declaring the property as nullable. [C:\Users\rizwan_farooq\Documents\Assignment Code\NCacheTesting\NCacheTesting.csproj]
C:\Users\rizwan_farooq\Documents\Assignment Code\NCacheTesting\Models\Product.cs(8,19): warning CS8618: Non-nullable property 'Category' must contain a non-null value when exiting constructor. Consider adding the 'required' modifier or declaring the property as nullable. [C:\Users\rizwan_farooq\Documents\Assignment Code\NCacheTesting\NCacheTesting.csproj]
C:\Users\rizwan_farooq\Documents\Assignment Code\NCacheTesting\Services\CacheService.cs(119,35): error CS1061: 'ICache' does not contain a definition for 'GetAsync' and no accessible extension method 'GetAsync' accepting a first argument of type 'ICache' could be found (are you missing a using directive or an assembly reference?) [C:\Users\rizwan_farooq\Documents\Assignment Code\NCacheTesting\NCacheTesting.csproj]
C:\Users\rizwan_farooq\Documents\Assignment Code\NCacheTesting\Services\CacheService.cs(140,22): error CS0411: The type arguments for method 'ICache.RemoveAsync<T>(string, WriteThruOptions)' cannot be inferred from the usage. Try specifying the type arguments explicitly. [C:\Users\rizwan_farooq\Documents\Assignment Code\NCacheTesting\NCacheTesting.csproj]
    2 Warning(s)
    2 Error(s)

Time Elapsed 00:00:00.99
